[06-May-2022 16:12:53 America/Argentina/Tucuman] PHP Fatal error:  Class 'Illuminate\Database\Capsule\Manager' not found in /home/sispoc5/public_html/application/config/database.php on line 135
[06-May-2022 16:12:56 America/Argentina/Tucuman] PHP Fatal error:  Class 'Illuminate\Database\Capsule\Manager' not found in /home/sispoc5/public_html/application/config/database.php on line 135
[06-May-2022 16:13:22 America/Argentina/Tucuman] PHP Fatal error:  Class 'Illuminate\Database\Capsule\Manager' not found in /home/sispoc5/public_html/application/config/database.php on line 135
[06-May-2022 16:13:27 America/Argentina/Tucuman] PHP Fatal error:  Class 'Illuminate\Database\Capsule\Manager' not found in /home/sispoc5/public_html/application/config/database.php on line 135
[06-May-2022 16:14:32 America/Argentina/Tucuman] PHP Fatal error:  Class 'Illuminate\Database\Capsule\Manager' not found in /home/sispoc5/public_html/application/config/database.php on line 135
[06-May-2022 16:14:35 America/Argentina/Tucuman] PHP Fatal error:  Class 'Illuminate\Database\Capsule\Manager' not found in /home/sispoc5/public_html/application/config/database.php on line 135
[06-May-2022 16:14:40 America/Argentina/Tucuman] PHP Fatal error:  Class 'Illuminate\Database\Capsule\Manager' not found in /home/sispoc5/public_html/application/config/database.php on line 135
[06-May-2022 16:14:42 America/Argentina/Tucuman] PHP Fatal error:  Class 'Illuminate\Database\Capsule\Manager' not found in /home/sispoc5/public_html/application/config/database.php on line 135
[06-May-2022 16:15:53 America/Argentina/Tucuman] PHP Fatal error:  Class 'Illuminate\Database\Capsule\Manager' not found in /home/sispoc5/public_html/application/config/database.php on line 135
[06-May-2022 17:01:30 America/Argentina/Tucuman] PHP Warning:  chdir(): No such file or directory (errno 2) in /home/sispoc5/public_html/clienteflash/XMLHttpRequest/EstadosManuales/AjaxEstadoManual.php on line 162
[06-May-2022 17:02:15 America/Argentina/Tucuman] PHP Warning:  chdir(): No such file or directory (errno 2) in /home/sispoc5/public_html/clienteflash/XMLHttpRequest/EstadosManuales/AjaxEstadoManual.php on line 162
[06-May-2022 17:02:30 America/Argentina/Tucuman] PHP Warning:  chdir(): No such file or directory (errno 2) in /home/sispoc5/public_html/clienteflash/XMLHttpRequest/EstadosManuales/AjaxEstadoManual.php on line 162
[06-May-2022 17:04:12 America/Argentina/Tucuman] PHP Warning:  chdir(): No such file or directory (errno 2) in /home/sispoc5/public_html/clienteflash/XMLHttpRequest/EstadosManuales/AjaxEstadoManual.php on line 162
[06-May-2022 17:05:30 America/Argentina/Tucuman] PHP Warning:  chdir(): No such file or directory (errno 2) in /home/sispoc5/public_html/clienteflash/XMLHttpRequest/EstadosManuales/AjaxEstadoManual.php on line 162
[06-May-2022 17:05:43 America/Argentina/Tucuman] PHP Warning:  chdir(): No such file or directory (errno 2) in /home/sispoc5/public_html/clienteflash/XMLHttpRequest/EstadosManuales/AjaxEstadoManual.php on line 162
[06-May-2022 17:06:36 America/Argentina/Tucuman] PHP Warning:  chdir(): No such file or directory (errno 2) in /home/sispoc5/public_html/clienteflash/XMLHttpRequest/EstadosManuales/AjaxEstadoManual.php on line 162
[06-May-2022 17:06:51 America/Argentina/Tucuman] PHP Warning:  chdir(): No such file or directory (errno 2) in /home/sispoc5/public_html/clienteflash/XMLHttpRequest/EstadosManuales/AjaxEstadoManual.php on line 162
[06-May-2022 17:07:44 America/Argentina/Tucuman] PHP Warning:  chdir(): No such file or directory (errno 2) in /home/sispoc5/public_html/clienteflash/XMLHttpRequest/EstadosManuales/AjaxEstadoManual.php on line 162
[06-May-2022 17:08:02 America/Argentina/Tucuman] PHP Warning:  chdir(): No such file or directory (errno 2) in /home/sispoc5/public_html/clienteflash/XMLHttpRequest/EstadosManuales/AjaxEstadoManual.php on line 162
[06-May-2022 17:09:06 America/Argentina/Tucuman] PHP Warning:  chdir(): No such file or directory (errno 2) in /home/sispoc5/public_html/clienteflash/XMLHttpRequest/EstadosManuales/AjaxEstadoManual.php on line 162
[06-May-2022 17:09:20 America/Argentina/Tucuman] PHP Warning:  chdir(): No such file or directory (errno 2) in /home/sispoc5/public_html/clienteflash/XMLHttpRequest/EstadosManuales/AjaxEstadoManual.php on line 162
[06-May-2022 17:10:00 America/Argentina/Tucuman] PHP Warning:  chdir(): No such file or directory (errno 2) in /home/sispoc5/public_html/clienteflash/XMLHttpRequest/EstadosManuales/AjaxEstadoManual.php on line 162
[06-May-2022 17:10:16 America/Argentina/Tucuman] PHP Warning:  chdir(): No such file or directory (errno 2) in /home/sispoc5/public_html/clienteflash/XMLHttpRequest/EstadosManuales/AjaxEstadoManual.php on line 162
[06-May-2022 17:12:08 America/Argentina/Tucuman] PHP Warning:  scandir(/home/sispoc5/noborrar_en_public_html/zonificacion/Android/Clases): failed to open dir: Permission denied in /home/sispoc5/public_html/LimpiarErrores.php on line 3
[06-May-2022 17:12:08 America/Argentina/Tucuman] PHP Warning:  scandir(): (errno 13): Permission denied in /home/sispoc5/public_html/LimpiarErrores.php on line 3
[06-May-2022 17:12:08 America/Argentina/Tucuman] PHP Warning:  Invalid argument supplied for foreach() in /home/sispoc5/public_html/LimpiarErrores.php on line 6
[06-May-2022 17:12:08 America/Argentina/Tucuman] PHP Warning:  scandir(/home/sispoc5/noborrar_en_public_html/zonificacion/Android/RuSispo/Clases): failed to open dir: Permission denied in /home/sispoc5/public_html/LimpiarErrores.php on line 3
[06-May-2022 17:12:08 America/Argentina/Tucuman] PHP Warning:  scandir(): (errno 13): Permission denied in /home/sispoc5/public_html/LimpiarErrores.php on line 3
[06-May-2022 17:12:08 America/Argentina/Tucuman] PHP Warning:  Invalid argument supplied for foreach() in /home/sispoc5/public_html/LimpiarErrores.php on line 6
[06-May-2022 17:14:35 America/Argentina/Tucuman] PHP Warning:  chdir(): No such file or directory (errno 2) in /home/sispoc5/public_html/clienteflash/XMLHttpRequest/EstadosManuales/AjaxEstadoManual.php on line 162
[06-May-2022 17:14:48 America/Argentina/Tucuman] PHP Warning:  chdir(): No such file or directory (errno 2) in /home/sispoc5/public_html/clienteflash/XMLHttpRequest/EstadosManuales/AjaxEstadoManual.php on line 162
[06-May-2022 17:15:06 America/Argentina/Tucuman] PHP Warning:  chdir(): No such file or directory (errno 2) in /home/sispoc5/public_html/clienteflash/XMLHttpRequest/EstadosManuales/AjaxEstadoManual.php on line 162
[06-May-2022 17:15:18 America/Argentina/Tucuman] PHP Warning:  chdir(): No such file or directory (errno 2) in /home/sispoc5/public_html/clienteflash/XMLHttpRequest/EstadosManuales/AjaxEstadoManual.php on line 162
[06-May-2022 17:16:34 America/Argentina/Tucuman] PHP Warning:  scandir(/home/sispoc5/noborrar_en_public_html/zonificacion/Android/Clases): failed to open dir: Permission denied in /home/sispoc5/public_html/LimpiarErrores.php on line 3
[06-May-2022 17:16:34 America/Argentina/Tucuman] PHP Warning:  scandir(): (errno 13): Permission denied in /home/sispoc5/public_html/LimpiarErrores.php on line 3
[06-May-2022 17:16:34 America/Argentina/Tucuman] PHP Warning:  Invalid argument supplied for foreach() in /home/sispoc5/public_html/LimpiarErrores.php on line 6
[06-May-2022 17:16:34 America/Argentina/Tucuman] PHP Warning:  scandir(/home/sispoc5/noborrar_en_public_html/zonificacion/Android/RuSispo/Clases): failed to open dir: Permission denied in /home/sispoc5/public_html/LimpiarErrores.php on line 3
[06-May-2022 17:16:34 America/Argentina/Tucuman] PHP Warning:  scandir(): (errno 13): Permission denied in /home/sispoc5/public_html/LimpiarErrores.php on line 3
[06-May-2022 17:16:34 America/Argentina/Tucuman] PHP Warning:  Invalid argument supplied for foreach() in /home/sispoc5/public_html/LimpiarErrores.php on line 6
[06-May-2022 17:16:36 America/Argentina/Tucuman] PHP Warning:  chdir(): No such file or directory (errno 2) in /home/sispoc5/public_html/clienteflash/XMLHttpRequest/EstadosManuales/AjaxEstadoManual.php on line 162
[06-May-2022 17:16:50 America/Argentina/Tucuman] PHP Warning:  chdir(): No such file or directory (errno 2) in /home/sispoc5/public_html/clienteflash/XMLHttpRequest/EstadosManuales/AjaxEstadoManual.php on line 162
[06-May-2022 17:18:43 America/Argentina/Tucuman] PHP Warning:  chdir(): No such file or directory (errno 2) in /home/sispoc5/public_html/clienteflash/XMLHttpRequest/EstadosManuales/AjaxEstadoManual.php on line 162
[06-May-2022 17:19:00 America/Argentina/Tucuman] PHP Warning:  chdir(): No such file or directory (errno 2) in /home/sispoc5/public_html/clienteflash/XMLHttpRequest/EstadosManuales/AjaxEstadoManual.php on line 162
[06-May-2022 17:19:57 America/Argentina/Tucuman] PHP Fatal error:  Call to a member function add() on null in /home/sispoc5/public_html/application/controllers/piezas/Rendiciones.php on line 197
[06-May-2022 17:24:30 America/Argentina/Tucuman] PHP Fatal error:  Call to undefined method stdClass::save() in /home/sispoc5/public_html/application/controllers/piezas/Recepcion.php on line 109
[06-May-2022 17:43:39 America/Argentina/Tucuman] PHP Fatal error:  Call to undefined method stdClass::save() in /home/sispoc5/public_html/application/controllers/piezas/Recepcion.php on line 109
[06-May-2022 17:44:38 America/Argentina/Tucuman] PHP Fatal error:  Call to undefined method stdClass::save() in /home/sispoc5/public_html/application/controllers/piezas/Recepcion.php on line 109
[06-May-2022 18:12:08 America/Argentina/Tucuman] PHP Fatal error:  Call to a member function result_array() on boolean in /home/sispoc5/public_html/application/controllers/ajax/Hojas_rutas.php on line 849
[07-May-2022 09:20:50 America/Argentina/Tucuman] PHP Fatal error:  Call to undefined method stdClass::save() in /home/sispoc5/public_html/application/controllers/piezas/Recepcion.php on line 109
[07-May-2022 09:20:52 America/Argentina/Tucuman] PHP Fatal error:  Call to undefined method stdClass::save() in /home/sispoc5/public_html/application/controllers/piezas/Recepcion.php on line 109
[07-May-2022 09:20:55 America/Argentina/Tucuman] PHP Fatal error:  Call to undefined method stdClass::save() in /home/sispoc5/public_html/application/controllers/piezas/Recepcion.php on line 109
[07-May-2022 09:20:57 America/Argentina/Tucuman] PHP Fatal error:  Call to undefined method stdClass::save() in /home/sispoc5/public_html/application/controllers/piezas/Recepcion.php on line 109
[07-May-2022 09:21:00 America/Argentina/Tucuman] PHP Fatal error:  Call to undefined method stdClass::save() in /home/sispoc5/public_html/application/controllers/piezas/Recepcion.php on line 109
[07-May-2022 09:21:10 America/Argentina/Tucuman] PHP Fatal error:  Call to undefined method stdClass::save() in /home/sispoc5/public_html/application/controllers/piezas/Recepcion.php on line 109
[07-May-2022 09:21:11 America/Argentina/Tucuman] PHP Fatal error:  Call to undefined method stdClass::save() in /home/sispoc5/public_html/application/controllers/piezas/Recepcion.php on line 109
[07-May-2022 09:31:28 America/Argentina/Tucuman] PHP Fatal error:  Call to undefined method stdClass::save() in /home/sispoc5/public_html/application/controllers/piezas/Recepcion.php on line 109
[07-May-2022 09:31:31 America/Argentina/Tucuman] PHP Fatal error:  Call to undefined method stdClass::save() in /home/sispoc5/public_html/application/controllers/piezas/Recepcion.php on line 109
[07-May-2022 09:31:35 America/Argentina/Tucuman] PHP Fatal error:  Call to undefined method stdClass::save() in /home/sispoc5/public_html/application/controllers/piezas/Recepcion.php on line 109
[07-May-2022 09:51:08 America/Argentina/Tucuman] PHP Fatal error:  Call to undefined method stdClass::save() in /home/sispoc5/public_html/application/controllers/piezas/Recepcion.php on line 109
[07-May-2022 10:27:31 America/Argentina/Tucuman] PHP Fatal error:  Call to undefined method stdClass::save() in /home/sispoc5/public_html/application/controllers/piezas/Recepcion.php on line 109
[07-May-2022 10:27:33 America/Argentina/Tucuman] PHP Fatal error:  Call to undefined method stdClass::save() in /home/sispoc5/public_html/application/controllers/piezas/Recepcion.php on line 109
[07-May-2022 10:27:38 America/Argentina/Tucuman] PHP Fatal error:  Call to undefined method stdClass::save() in /home/sispoc5/public_html/application/controllers/piezas/Recepcion.php on line 109
[07-May-2022 10:27:41 America/Argentina/Tucuman] PHP Fatal error:  Call to undefined method stdClass::save() in /home/sispoc5/public_html/application/controllers/piezas/Recepcion.php on line 109
[07-May-2022 10:27:42 America/Argentina/Tucuman] PHP Fatal error:  Call to undefined method stdClass::save() in /home/sispoc5/public_html/application/controllers/piezas/Recepcion.php on line 109
[07-May-2022 10:27:43 America/Argentina/Tucuman] PHP Fatal error:  Call to undefined method stdClass::save() in /home/sispoc5/public_html/application/controllers/piezas/Recepcion.php on line 109
[07-May-2022 10:27:44 America/Argentina/Tucuman] PHP Fatal error:  Call to undefined method stdClass::save() in /home/sispoc5/public_html/application/controllers/piezas/Recepcion.php on line 109
[07-May-2022 10:53:21 America/Argentina/Tucuman] PHP Fatal error:  Call to undefined method stdClass::save() in /home/sispoc5/public_html/application/controllers/piezas/Recepcion.php on line 109
[07-May-2022 11:28:22 America/Argentina/Tucuman] PHP Fatal error:  Call to undefined method stdClass::save() in /home/sispoc5/public_html/application/controllers/piezas/Recepcion.php on line 109
[07-May-2022 11:32:11 America/Argentina/Tucuman] PHP Fatal error:  Call to a member function result_array() on boolean in /home/sispoc5/public_html/application/controllers/ajax/Hojas_rutas.php on line 849
[09-May-2022 08:15:11 America/Argentina/Tucuman] PHP Fatal error:  Call to undefined method stdClass::save() in /home/sispoc5/public_html/application/controllers/piezas/Recepcion.php on line 109
[09-May-2022 08:26:23 America/Argentina/Tucuman] PHP Fatal error:  Call to undefined method stdClass::save() in /home/sispoc5/public_html/application/controllers/piezas/Recepcion.php on line 109
[09-May-2022 08:26:24 America/Argentina/Tucuman] PHP Fatal error:  Call to undefined method stdClass::save() in /home/sispoc5/public_html/application/controllers/piezas/Recepcion.php on line 109
[09-May-2022 09:37:58 America/Argentina/Tucuman] PHP Fatal error:  Call to undefined method stdClass::save() in /home/sispoc5/public_html/application/controllers/piezas/Recepcion.php on line 109
[09-May-2022 09:52:28 America/Argentina/Tucuman] PHP Fatal error:  Call to undefined method stdClass::save() in /home/sispoc5/public_html/application/controllers/piezas/Recepcion.php on line 109
[09-May-2022 10:15:29 America/Argentina/Tucuman] PHP Fatal error:  Call to a member function result_array() on boolean in /home/sispoc5/public_html/application/controllers/ajax/Hojas_rutas.php on line 849
[09-May-2022 11:08:20 America/Argentina/Tucuman] PHP Fatal error:  Call to a member function row() on boolean in /home/sispoc5/public_html/application/models/Codegen_model.php on line 24
[09-May-2022 11:16:42 America/Argentina/Tucuman] PHP Fatal error:  Call to a member function add() on null in /home/sispoc5/public_html/application/controllers/piezas/Rendiciones.php on line 197
[09-May-2022 11:18:26 America/Argentina/Tucuman] PHP Fatal error:  Call to a member function add() on null in /home/sispoc5/public_html/application/controllers/piezas/Rendiciones.php on line 197
[09-May-2022 11:43:28 America/Argentina/Tucuman] PHP Fatal error:  Call to a member function add() on null in /home/sispoc5/public_html/application/controllers/piezas/Rendiciones.php on line 197
[09-May-2022 11:52:44 America/Argentina/Tucuman] PHP Fatal error:  Call to a member function add() on null in /home/sispoc5/public_html/application/controllers/piezas/Rendiciones.php on line 197
[09-May-2022 11:57:58 America/Argentina/Tucuman] PHP Fatal error:  Call to a member function add() on null in /home/sispoc5/public_html/application/controllers/piezas/Rendiciones.php on line 197
[09-May-2022 12:02:03 America/Argentina/Tucuman] PHP Fatal error:  Call to a member function add() on null in /home/sispoc5/public_html/application/controllers/piezas/Rendiciones.php on line 197
[09-May-2022 12:33:04 America/Argentina/Tucuman] PHP Fatal error:  Call to undefined method stdClass::save() in /home/sispoc5/public_html/application/controllers/piezas/Recepcion.php on line 109
[09-May-2022 12:33:05 America/Argentina/Tucuman] PHP Fatal error:  Call to undefined method stdClass::save() in /home/sispoc5/public_html/application/controllers/piezas/Recepcion.php on line 109
[09-May-2022 12:33:08 America/Argentina/Tucuman] PHP Fatal error:  Call to undefined method stdClass::save() in /home/sispoc5/public_html/application/controllers/piezas/Recepcion.php on line 109
[09-May-2022 12:33:10 America/Argentina/Tucuman] PHP Fatal error:  Call to undefined method stdClass::save() in /home/sispoc5/public_html/application/controllers/piezas/Recepcion.php on line 109
[09-May-2022 12:33:12 America/Argentina/Tucuman] PHP Fatal error:  Call to undefined method stdClass::save() in /home/sispoc5/public_html/application/controllers/piezas/Recepcion.php on line 109
[09-May-2022 12:33:14 America/Argentina/Tucuman] PHP Fatal error:  Call to undefined method stdClass::save() in /home/sispoc5/public_html/application/controllers/piezas/Recepcion.php on line 109
[09-May-2022 12:33:14 America/Argentina/Tucuman] PHP Fatal error:  Call to undefined method stdClass::save() in /home/sispoc5/public_html/application/controllers/piezas/Recepcion.php on line 109
[09-May-2022 12:33:14 America/Argentina/Tucuman] PHP Fatal error:  Call to undefined method stdClass::save() in /home/sispoc5/public_html/application/controllers/piezas/Recepcion.php on line 109
[09-May-2022 12:33:29 America/Argentina/Tucuman] PHP Fatal error:  Call to undefined method stdClass::save() in /home/sispoc5/public_html/application/controllers/piezas/Recepcion.php on line 109
[09-May-2022 17:37:51 America/Argentina/Tucuman] PHP Fatal error:  Call to a member function row() on boolean in /home/sispoc5/public_html/prueba/application/models/Codegen_model.php on line 24
[09-May-2022 17:38:13 America/Argentina/Tucuman] PHP Fatal error:  Call to a member function row() on boolean in /home/sispoc5/public_html/prueba/application/models/Codegen_model.php on line 24
[09-May-2022 17:41:02 America/Argentina/Tucuman] PHP Fatal error:  Call to a member function row() on boolean in /home/sispoc5/public_html/prueba/application/models/Codegen_model.php on line 24
[09-May-2022 17:47:42 America/Argentina/Tucuman] PHP Fatal error:  Call to a member function row() on boolean in /home/sispoc5/public_html/prueba/application/models/Codegen_model.php on line 24
[10-May-2022 15:43:08 America/Argentina/Tucuman] PHP Fatal error:  Call to a member function result() on boolean in /home/sispoc5/public_html/prueba/application/controllers/consultas/Consulta_historico_hojas_rutas.php on line 54
[10-May-2022 15:43:27 America/Argentina/Tucuman] PHP Fatal error:  Call to a member function result() on boolean in /home/sispoc5/public_html/prueba/application/controllers/consultas/Consulta_historico_hojas_rutas.php on line 54
[11-May-2022 10:29:06 America/Argentina/Tucuman] PHP Fatal error:  Call to a member function row() on boolean in /home/sispoc5/public_html/prueba/application/models/Codegen_model.php on line 24
[11-May-2022 10:29:17 America/Argentina/Tucuman] PHP Fatal error:  Call to a member function row() on boolean in /home/sispoc5/public_html/prueba/application/models/Codegen_model.php on line 24
[11-May-2022 10:29:49 America/Argentina/Tucuman] PHP Fatal error:  Call to a member function row() on boolean in /home/sispoc5/public_html/prueba/application/models/Codegen_model.php on line 24
[11-May-2022 13:14:29 America/Argentina/Tucuman] PHP Fatal error:  Call to a member function result() on boolean in /home/sispoc5/public_html/prueba/application/controllers/ajax/Hojas_rutas.php on line 982
[11-May-2022 13:16:31 America/Argentina/Tucuman] PHP Fatal error:  Call to a member function result() on boolean in /home/sispoc5/public_html/prueba/application/controllers/ajax/Hojas_rutas.php on line 982
[11-May-2022 13:18:01 America/Argentina/Tucuman] PHP Fatal error:  Call to a member function result() on boolean in /home/sispoc5/public_html/prueba/application/controllers/ajax/Hojas_rutas.php on line 982
[11-May-2022 13:44:44 America/Argentina/Tucuman] PHP Fatal error:  Call to a member function result() on boolean in /home/sispoc5/public_html/prueba/application/controllers/ajax/Hojas_rutas.php on line 982
[11-May-2022 13:47:14 America/Argentina/Tucuman] PHP Fatal error:  Call to a member function result() on boolean in /home/sispoc5/public_html/prueba/application/controllers/ajax/Hojas_rutas.php on line 982
[11-May-2022 13:50:01 America/Argentina/Tucuman] PHP Fatal error:  Call to a member function result() on boolean in /home/sispoc5/public_html/prueba/application/controllers/ajax/Hojas_rutas.php on line 985
[11-May-2022 13:51:47 America/Argentina/Tucuman] PHP Fatal error:  Call to a member function result() on boolean in /home/sispoc5/public_html/prueba/application/controllers/ajax/Hojas_rutas.php on line 982
[11-May-2022 13:52:36 America/Argentina/Tucuman] PHP Fatal error:  Call to a member function result() on boolean in /home/sispoc5/public_html/prueba/application/controllers/ajax/Hojas_rutas.php on line 982
[11-May-2022 13:53:25 America/Argentina/Tucuman] PHP Fatal error:  Call to a member function result() on boolean in /home/sispoc5/public_html/prueba/application/controllers/ajax/Hojas_rutas.php on line 983
[11-May-2022 13:55:40 America/Argentina/Tucuman] PHP Fatal error:  Call to a member function result() on boolean in /home/sispoc5/public_html/prueba/application/controllers/ajax/Hojas_rutas.php on line 982
[11-May-2022 15:14:18 America/Argentina/Tucuman] PHP Fatal error:  Call to a member function result() on boolean in /home/sispoc5/public_html/prueba/application/controllers/ajax/Despachos.php on line 519
[11-May-2022 16:20:42 America/Argentina/Tucuman] PHP Fatal error:  Call to a member function add() on null in /home/sispoc5/public_html/prueba/application/controllers/piezas/Rendiciones.php on line 197
[11-May-2022 17:01:11 America/Argentina/Tucuman] PHP Fatal error:  Call to a member function result_array() on boolean in /home/sispoc5/public_html/prueba/application/controllers/piezas/Consulta_bolsas_piezas.php on line 208
[11-May-2022 17:01:38 America/Argentina/Tucuman] PHP Fatal error:  Call to a member function result_array() on boolean in /home/sispoc5/public_html/prueba/application/controllers/piezas/Consulta_bolsas_piezas.php on line 208
[16-May-2022 10:17:25 America/Argentina/Tucuman] PHP Fatal error:  Call to a member function query() on boolean in /home/sispoc5/public_html/prueba/system/database/drivers/mysqli/mysqli_driver.php on line 221
[16-May-2022 11:12:56 America/Argentina/Tucuman] PHP Fatal error:  Call to undefined method CI_DB_mysqli_driver::orLike() in /home/sispoc5/public_html/prueba/application/models/Plantilla_md.php on line 18
[16-May-2022 11:57:43 America/Argentina/Tucuman] PHP Fatal error:  Call to a member function query() on boolean in /home/sispoc5/public_html/prueba/system/database/drivers/mysqli/mysqli_driver.php on line 221
[16-May-2022 11:57:49 America/Argentina/Tucuman] PHP Fatal error:  Call to a member function query() on boolean in /home/sispoc5/public_html/prueba/system/database/drivers/mysqli/mysqli_driver.php on line 221
[16-May-2022 11:57:57 America/Argentina/Tucuman] PHP Fatal error:  Call to a member function query() on boolean in /home/sispoc5/public_html/prueba/system/database/drivers/mysqli/mysqli_driver.php on line 221
[17-May-2022 14:06:41 America/Argentina/Tucuman] PHP Fatal error:  Class 'Symfony\Component\VarDumper\Dumper\HtmlDumper' not found in /home/sispoc5/public_html/prueba/vendor/illuminate/support/Debug/HtmlDumper.php on line 8
[17-May-2022 14:09:25 America/Argentina/Tucuman] PHP Fatal error:  Class 'Symfony\Component\VarDumper\Dumper\HtmlDumper' not found in /home/sispoc5/public_html/prueba/vendor/illuminate/support/Debug/HtmlDumper.php on line 8
[17-May-2022 17:06:30 America/Argentina/Tucuman] PHP Fatal error:  Cannot use object of type stdClass as array in /home/sispoc5/public_html/prueba/application/controllers/plantillas/Plantillas.php on line 227
